1612622718199	geckodriver	INFO	Listening on 127.0.0.1:47877
1612622718211	mozrunner::runner	INFO	Running command: "/usr/bin/firefox" "--marionette" "user-agent=Hello world F!" "-foreground" "-no-remote" "-profile" "/tmp/rust_mozprofileikAGEo"
console.info: MINT: Trying to use the system region (based on LANG).
console.info: MINT: System region is RU
console.warn: SearchSettings: "get: No settings file exists, new profile?" (new Error("", "(unknown module)"))
1612622723494	Marionette	INFO	Listening on port 41911
1612622723644	Marionette	WARN	TLS certificate errors will be ignored for this session
1612622723664	Marionette	ERROR	[15] No reply from Marionette:Register
console.info: MINT: Loading search-config defaults.
1612622724825	Marionette	ERROR	[15] No reply from Marionette:Register
JavaScript error: resource://gre/modules/TelemetryUtils.jsm, line 159: TypeError: date is undefined
1612622748032	Marionette	WARN	Ignoring event 'DOMContentLoaded' because document has an invalid readyState of 'complete'.
JavaScript error: , line 0: NotFoundError: No such JSWindowActor 'MarionetteEvents'
JavaScript error: , line 0: NotFoundError: No such JSWindowActor 'MarionetteEvents'
JavaScript error: , line 0: NotFoundError: No such JSWindowActor 'MarionetteEvents'
JavaScript error: , line 0: NotFoundError: No such JSWindowActor 'MarionetteEvents'
1612622751889	Marionette	INFO	Stopped listening on port 41911
JavaScript error: resource://activity-stream/lib/ASRouter.jsm, line 987: NS_ERROR_ILLEGAL_VALUE: Component returned failure code: 0x80070057 (NS_ERROR_ILLEGAL_VALUE) [nsIObserverService.removeObserver]
console.error: services.settings: 
  main/message-groups Signature failed  TypeError: NetworkError when attempting to fetch resource.
console.error: services.settings: 
  main/fxmonitor-breaches Signature failed  TypeError: NetworkError when attempting to fetch resource.
console.error: services.settings: 
  main/partitioning-exempt-urls Signature failed  TypeError: NetworkError when attempting to fetch resource.
